Determining if the CL_VERSION_3_0 exist failed with the following output:
Change Dir: /Users/nilskuhl/dev/FourierTransformation/build/CMakeFiles/CMakeScratch/TryCompile-L1taqq

Run Build Command(s):/usr/bin/make -f Makefile cmTC_df733/fast && /Library/Developer/CommandLineTools/usr/bin/make  -f CMakeFiles/cmTC_df733.dir/build.make CMakeFiles/cmTC_df733.dir/build
Building C object CMakeFiles/cmTC_df733.dir/CheckSymbolExists.c.o
/usr/bin/clang  -F/Library/Developer/CommandLineTools/SDKs/MacOSX13.0.sdk/System/Library/Frameworks -isysroot /Library/Developer/CommandLineTools/SDKs/MacOSX13.0.sdk -MD -MT CMakeFiles/cmTC_df733.dir/CheckSymbolExists.c.o -MF CMakeFiles/cmTC_df733.dir/CheckSymbolExists.c.o.d -o CMakeFiles/cmTC_df733.dir/CheckSymbolExists.c.o -c /Users/nilskuhl/dev/FourierTransformation/build/CMakeFiles/CMakeScratch/TryCompile-L1taqq/CheckSymbolExists.c
/Users/nilskuhl/dev/FourierTransformation/build/CMakeFiles/CMakeScratch/TryCompile-L1taqq/CheckSymbolExists.c:8:19: error: use of undeclared identifier 'CL_VERSION_3_0'
  return ((int*)(&CL_VERSION_3_0))[argc];
                  ^
1 error generated.
make[1]: *** [CMakeFiles/cmTC_df733.dir/CheckSymbolExists.c.o] Error 1
make: *** [cmTC_df733/fast] Error 2


File CheckSymbolExists.c:
/* */
#include </Library/Developer/CommandLineTools/SDKs/MacOSX13.0.sdk/System/Library/Frameworks/OpenCL.framework/Headers/cl.h>

int main(int argc, char** argv)
{
  (void)argv;
#ifndef CL_VERSION_3_0
  return ((int*)(&CL_VERSION_3_0))[argc];
#else
  (void)argc;
  return 0;
#endif
}
Determining if the CL_VERSION_2_2 exist failed with the following output:
Change Dir: /Users/nilskuhl/dev/FourierTransformation/build/CMakeFiles/CMakeScratch/TryCompile-ATawZC

Run Build Command(s):/usr/bin/make -f Makefile cmTC_db7e1/fast && /Library/Developer/CommandLineTools/usr/bin/make  -f CMakeFiles/cmTC_db7e1.dir/build.make CMakeFiles/cmTC_db7e1.dir/build
Building C object CMakeFiles/cmTC_db7e1.dir/CheckSymbolExists.c.o
/usr/bin/clang  -F/Library/Developer/CommandLineTools/SDKs/MacOSX13.0.sdk/System/Library/Frameworks -isysroot /Library/Developer/CommandLineTools/SDKs/MacOSX13.0.sdk -MD -MT CMakeFiles/cmTC_db7e1.dir/CheckSymbolExists.c.o -MF CMakeFiles/cmTC_db7e1.dir/CheckSymbolExists.c.o.d -o CMakeFiles/cmTC_db7e1.dir/CheckSymbolExists.c.o -c /Users/nilskuhl/dev/FourierTransformation/build/CMakeFiles/CMakeScratch/TryCompile-ATawZC/CheckSymbolExists.c
/Users/nilskuhl/dev/FourierTransformation/build/CMakeFiles/CMakeScratch/TryCompile-ATawZC/CheckSymbolExists.c:8:19: error: use of undeclared identifier 'CL_VERSION_2_2'
  return ((int*)(&CL_VERSION_2_2))[argc];
                  ^
1 error generated.
make[1]: *** [CMakeFiles/cmTC_db7e1.dir/CheckSymbolExists.c.o] Error 1
make: *** [cmTC_db7e1/fast] Error 2


File CheckSymbolExists.c:
/* */
#include </Library/Developer/CommandLineTools/SDKs/MacOSX13.0.sdk/System/Library/Frameworks/OpenCL.framework/Headers/cl.h>

int main(int argc, char** argv)
{
  (void)argv;
#ifndef CL_VERSION_2_2
  return ((int*)(&CL_VERSION_2_2))[argc];
#else
  (void)argc;
  return 0;
#endif
}
Determining if the CL_VERSION_2_1 exist failed with the following output:
Change Dir: /Users/nilskuhl/dev/FourierTransformation/build/CMakeFiles/CMakeScratch/TryCompile-g5lO8h

Run Build Command(s):/usr/bin/make -f Makefile cmTC_95515/fast && /Library/Developer/CommandLineTools/usr/bin/make  -f CMakeFiles/cmTC_95515.dir/build.make CMakeFiles/cmTC_95515.dir/build
Building C object CMakeFiles/cmTC_95515.dir/CheckSymbolExists.c.o
/usr/bin/clang  -F/Library/Developer/CommandLineTools/SDKs/MacOSX13.0.sdk/System/Library/Frameworks -isysroot /Library/Developer/CommandLineTools/SDKs/MacOSX13.0.sdk -MD -MT CMakeFiles/cmTC_95515.dir/CheckSymbolExists.c.o -MF CMakeFiles/cmTC_95515.dir/CheckSymbolExists.c.o.d -o CMakeFiles/cmTC_95515.dir/CheckSymbolExists.c.o -c /Users/nilskuhl/dev/FourierTransformation/build/CMakeFiles/CMakeScratch/TryCompile-g5lO8h/CheckSymbolExists.c
/Users/nilskuhl/dev/FourierTransformation/build/CMakeFiles/CMakeScratch/TryCompile-g5lO8h/CheckSymbolExists.c:8:19: error: use of undeclared identifier 'CL_VERSION_2_1'
  return ((int*)(&CL_VERSION_2_1))[argc];
                  ^
1 error generated.
make[1]: *** [CMakeFiles/cmTC_95515.dir/CheckSymbolExists.c.o] Error 1
make: *** [cmTC_95515/fast] Error 2


File CheckSymbolExists.c:
/* */
#include </Library/Developer/CommandLineTools/SDKs/MacOSX13.0.sdk/System/Library/Frameworks/OpenCL.framework/Headers/cl.h>

int main(int argc, char** argv)
{
  (void)argv;
#ifndef CL_VERSION_2_1
  return ((int*)(&CL_VERSION_2_1))[argc];
#else
  (void)argc;
  return 0;
#endif
}
Determining if the CL_VERSION_2_0 exist failed with the following output:
Change Dir: /Users/nilskuhl/dev/FourierTransformation/build/CMakeFiles/CMakeScratch/TryCompile-k3Rn2l

Run Build Command(s):/usr/bin/make -f Makefile cmTC_faf23/fast && /Library/Developer/CommandLineTools/usr/bin/make  -f CMakeFiles/cmTC_faf23.dir/build.make CMakeFiles/cmTC_faf23.dir/build
Building C object CMakeFiles/cmTC_faf23.dir/CheckSymbolExists.c.o
/usr/bin/clang  -F/Library/Developer/CommandLineTools/SDKs/MacOSX13.0.sdk/System/Library/Frameworks -isysroot /Library/Developer/CommandLineTools/SDKs/MacOSX13.0.sdk -MD -MT CMakeFiles/cmTC_faf23.dir/CheckSymbolExists.c.o -MF CMakeFiles/cmTC_faf23.dir/CheckSymbolExists.c.o.d -o CMakeFiles/cmTC_faf23.dir/CheckSymbolExists.c.o -c /Users/nilskuhl/dev/FourierTransformation/build/CMakeFiles/CMakeScratch/TryCompile-k3Rn2l/CheckSymbolExists.c
/Users/nilskuhl/dev/FourierTransformation/build/CMakeFiles/CMakeScratch/TryCompile-k3Rn2l/CheckSymbolExists.c:8:19: error: use of undeclared identifier 'CL_VERSION_2_0'
  return ((int*)(&CL_VERSION_2_0))[argc];
                  ^
1 error generated.
make[1]: *** [CMakeFiles/cmTC_faf23.dir/CheckSymbolExists.c.o] Error 1
make: *** [cmTC_faf23/fast] Error 2


File CheckSymbolExists.c:
/* */
#include </Library/Developer/CommandLineTools/SDKs/MacOSX13.0.sdk/System/Library/Frameworks/OpenCL.framework/Headers/cl.h>

int main(int argc, char** argv)
{
  (void)argv;
#ifndef CL_VERSION_2_0
  return ((int*)(&CL_VERSION_2_0))[argc];
#else
  (void)argc;
  return 0;
#endif
}
